2023-08-29 11:51:38 index.ts[info]: passportConfiguration() 
2023-08-29 11:51:38 index.ts[info]: env validation started 
2023-08-29 11:51:38 index.ts[info]: initializeRoutes() 
2023-08-29 11:51:38 index.ts[info]: SERVER listening on PORT:5000 
2023-08-29 11:51:54 index.ts[info]: services.auth.signupUser() 
2023-08-29 11:51:54 index.ts[debug]: services.auth.signupUser() Object = {"email":"babunaikbanoth2@gmail.com","password":"babu@201"} 
2023-08-29 11:51:54 index.ts[info]: helpers.data_mapping.user.userDataMapping() 
2023-08-29 11:51:54 index.ts[info]: services.auth.signupUser() ==>  
2023-08-29 11:51:54 index.ts[info]: data_stores_mysql_lib_user.checkEmailOrPhoneExist()  ==> 
2023-08-29 11:51:58 index.ts[info]: data_stores_mysql_lib_user.saveUser() 
2023-08-29 11:51:58 index.ts[info]: helper.response_builder.responseBuilder() 
2023-08-29 12:04:04 index.ts[info]: passportConfiguration() 
2023-08-29 12:04:04 index.ts[info]: env validation started 
2023-08-29 12:04:04 index.ts[info]: initializeRoutes() 
2023-08-29 12:04:05 index.ts[info]: SERVER listening on PORT:5000 
2023-08-29 12:23:59 index.ts[info]: passportConfiguration() 
2023-08-29 12:23:59 index.ts[info]: env validation started 
2023-08-29 12:23:59 index.ts[info]: initializeRoutes() 
2023-08-29 12:23:59 index.ts[info]: SERVER listening on PORT:5000 
2023-08-29 12:24:55 index.ts[info]: passportConfiguration() 
2023-08-29 12:24:55 index.ts[info]: env validation started 
2023-08-29 12:24:55 index.ts[info]: initializeRoutes() 
2023-08-29 12:24:55 index.ts[info]: SERVER listening on PORT:5000 
2023-08-29 12:25:37 index.ts[info]: services.auth.signupUser() 
2023-08-29 12:25:37 index.ts[debug]: services.auth.signupUser() Object = {"email":"babunaikbanoth3@gmail.com","password":"babu@201"} 
2023-08-29 12:25:37 index.ts[info]: helpers.data_mapping.user.userDataMapping() 
2023-08-29 12:25:37 index.ts[info]: services.auth.signupUser() ==>  
2023-08-29 12:25:37 index.ts[info]: data_stores_mysql_lib_user.checkEmailOrPhoneExist()  ==> 
2023-08-29 12:25:39 index.ts[info]: data_stores_mysql_lib_user.saveUser() 
2023-08-29 12:25:39 index.ts[info]: helper.response_builder.responseBuilder() 
2023-08-29 12:54:33 index.ts[info]: passportConfiguration() 
2023-08-29 12:54:33 index.ts[info]: env validation started 
2023-08-29 12:54:33 index.ts[info]: initializeRoutes() 
2023-08-29 12:54:33 index.ts[info]: SERVER listening on PORT:5000 
2023-08-29 12:54:57 index.ts[info]: services.auth.signupUser() 
2023-08-29 12:54:57 index.ts[debug]: services.auth.signupUser() Object = {"email":"babunaikbanoth3@gmail.com","password":"babu@201"} 
2023-08-29 12:54:57 index.ts[info]: helpers.data_mapping.user.userDataMapping() 
2023-08-29 12:54:57 index.ts[info]: services.auth.signupUser() ==>  
2023-08-29 12:54:57 index.ts[info]: data_stores_mysql_lib_user.checkEmailOrPhoneExist()  ==> 
2023-08-29 12:54:59 index.ts[info]: helper.response_builder.responseBuilder() 
2023-08-29 12:55:07 index.ts[info]: services.auth.signupUser() 
2023-08-29 12:55:07 index.ts[debug]: services.auth.signupUser() Object = {"email":"babunaikbanoth4@gmail.com","password":"babu@201"} 
2023-08-29 12:55:07 index.ts[info]: helpers.data_mapping.user.userDataMapping() 
2023-08-29 12:55:07 index.ts[info]: services.auth.signupUser() ==>  
2023-08-29 12:55:07 index.ts[info]: data_stores_mysql_lib_user.checkEmailOrPhoneExist()  ==> 
2023-08-29 12:55:07 index.ts[info]: data_stores_mysql_lib_user.saveUser() 
2023-08-29 12:55:08 index.ts[info]: helper.response_builder.responseBuilder() 
2023-08-29 13:08:18 index.ts[info]: passportConfiguration() 
2023-08-29 13:08:18 index.ts[info]: env validation started 
2023-08-29 13:08:18 index.ts[info]: initializeRoutes() 
2023-08-29 13:08:18 index.ts[info]: SERVER listening on PORT:5000 
2023-08-29 13:09:08 index.ts[info]: services.auth.signupUser() 
2023-08-29 13:09:08 index.ts[debug]: services.auth.signupUser() Object = {"email":"babunaikbanoth5@gmail.com","password":"babu@201"} 
2023-08-29 13:09:08 index.ts[info]: helpers.data_mapping.user.userDataMapping() 
2023-08-29 13:09:08 index.ts[info]: services.auth.signupUser() ==>  
2023-08-29 13:09:08 index.ts[info]: data_stores_mysql_lib_user.checkEmailOrPhoneExist()  ==> 
2023-08-29 13:09:11 index.ts[info]: data_stores_mysql_lib_user.saveUser() 
2023-08-29 13:09:11 index.ts[info]: helper.response_builder.responseBuilder() 
