2023-09-01 10:16:17 index.ts[info]: services.auth.adminLogin() 
2023-09-01 10:16:17 index.ts[debug]: services.auth.adminLogin() Object = {"email":"careerpediaplatform@gmail.com","password":"inkprog"} 
2023-09-01 10:16:17 index.ts[info]: services.auth.loginAdmin() ==>  
2023-09-01 10:16:17 index.ts[info]: data_stores_mysql_lib_user.checkEmailExist()  ==> 
2023-09-01 10:16:19 index.ts[info]: helper.response_builder.responseBuilder() 
2023-09-01 10:16:36 index.ts[info]: services.auth.signupUser() 
2023-09-01 10:16:36 index.ts[debug]: services.auth.signupUser() Object = {"email":"careerpediaplatform@gmail.com","password":"inkprog"} 
2023-09-01 10:16:36 index.ts[info]: services.auth.signupUser() ==>  
2023-09-01 10:16:36 index.ts[info]: data_stores_mysql_lib_user.checkEmailExist()  ==> 
2023-09-01 10:16:36 index.ts[info]: helper.response_builder.responseBuilder() 
2023-09-01 10:16:44 index.ts[info]: services.auth.adminLogin() 
2023-09-01 10:16:44 index.ts[debug]: services.auth.adminLogin() Object = {"email":"careerpediaplatfor@gmail.com","password":"inkprog"} 
2023-09-01 10:16:44 index.ts[info]: services.auth.loginAdmin() ==>  
2023-09-01 10:16:44 index.ts[info]: data_stores_mysql_lib_user.checkEmailExist()  ==> 
2023-09-01 10:16:44 index.ts[info]: helper.response_builder.responseBuilder() 
2023-09-01 10:16:52 index.ts[info]: services.auth.adminLogin() 
2023-09-01 10:16:52 index.ts[debug]: services.auth.adminLogin() Object = {"email":"careerpediaplatform@gmail.com","password":"inkprog"} 
2023-09-01 10:16:52 index.ts[info]: services.auth.loginAdmin() ==>  
2023-09-01 10:16:52 index.ts[info]: data_stores_mysql_lib_user.checkEmailExist()  ==> 
2023-09-01 10:16:52 index.ts[info]: helper.response_builder.responseBuilder() 
2023-09-01 10:18:28 index.ts[info]: passportConfiguration() 
2023-09-01 10:18:29 index.ts[info]: passportConfiguration() 
2023-09-01 10:18:29 index.ts[info]: env validation started 
2023-09-01 10:18:29 index.ts[info]: initializeRoutes() 
2023-09-01 10:18:29 index.ts[info]: SERVER listening on PORT:5000 
2023-09-01 10:18:33 index.ts[info]: services.auth.adminLogin() 
2023-09-01 10:18:33 index.ts[debug]: services.auth.adminLogin() Object = {"email":"careerpediaplatform@gmail.com","password":"inkprog"} 
2023-09-01 10:18:33 index.ts[info]: services.auth.loginAdmin() ==>  
2023-09-01 10:18:33 index.ts[info]: data_stores_mysql_lib_user.checkEmailExist()  ==> 
2023-09-01 10:18:34 index.ts[info]: data_stores_mysql_lib_user.saveUser() 
2023-09-01 10:18:34 index.ts[info]: helper.response_builder.responseBuilder() 
2023-09-01 10:19:41 index.ts[info]: passportConfiguration() 
2023-09-01 10:19:41 index.ts[info]: passportConfiguration() 
2023-09-01 10:19:41 index.ts[info]: env validation started 
2023-09-01 10:19:41 index.ts[info]: initializeRoutes() 
2023-09-01 10:19:41 index.ts[info]: SERVER listening on PORT:5000 
2023-09-01 10:19:53 index.ts[info]: passportConfiguration() 
2023-09-01 10:19:53 index.ts[info]: passportConfiguration() 
2023-09-01 10:19:54 index.ts[info]: env validation started 
2023-09-01 10:19:54 index.ts[info]: initializeRoutes() 
2023-09-01 10:19:54 index.ts[info]: SERVER listening on PORT:5000 
2023-09-01 10:20:05 index.ts[info]: passportConfiguration() 
2023-09-01 10:20:05 index.ts[info]: passportConfiguration() 
2023-09-01 10:20:05 index.ts[info]: env validation started 
2023-09-01 10:20:05 index.ts[info]: initializeRoutes() 
2023-09-01 10:20:05 index.ts[info]: SERVER listening on PORT:5000 
2023-09-01 10:20:07 index.ts[info]: services.auth.adminLogin() 
2023-09-01 10:20:07 index.ts[debug]: services.auth.adminLogin() Object = {"email":"careerpediaplatform@gmail.com","password":"inkprog"} 
2023-09-01 10:20:07 index.ts[info]: services.auth.loginAdmin() ==>  
2023-09-01 10:20:07 index.ts[info]: data_stores_mysql_lib_user.checkEmailExist()  ==> 
2023-09-01 10:20:07 index.ts[info]: data_stores_mysql_lib_user.saveUser() 
2023-09-01 10:20:07 index.ts[info]: helper.response_builder.responseBuilder() 
2023-09-01 10:28:23 index.ts[info]: passportConfiguration() 
2023-09-01 10:28:23 index.ts[info]: passportConfiguration() 
2023-09-01 10:28:23 index.ts[info]: env validation started 
2023-09-01 10:28:23 index.ts[info]: initializeRoutes() 
2023-09-01 10:28:23 index.ts[info]: SERVER listening on PORT:5000 
2023-09-01 10:28:37 index.ts[info]: passportConfiguration() 
2023-09-01 10:28:37 index.ts[info]: passportConfiguration() 
2023-09-01 10:28:37 index.ts[info]: env validation started 
2023-09-01 10:28:37 index.ts[info]: initializeRoutes() 
2023-09-01 10:28:37 index.ts[info]: SERVER listening on PORT:5000 
2023-09-01 10:30:57 index.ts[info]: passportConfiguration() 
2023-09-01 10:30:57 index.ts[info]: passportConfiguration() 
2023-09-01 10:30:57 index.ts[info]: env validation started 
2023-09-01 10:30:57 index.ts[info]: initializeRoutes() 
2023-09-01 10:30:58 index.ts[info]: SERVER listening on PORT:5000 
2023-09-01 10:35:15 index.ts[info]: passportConfiguration() 
2023-09-01 10:35:15 index.ts[info]: passportConfiguration() 
2023-09-01 10:35:15 index.ts[info]: env validation started 
2023-09-01 10:35:15 index.ts[info]: initializeRoutes() 
2023-09-01 10:35:15 index.ts[info]: SERVER listening on PORT:5000 
2023-09-01 10:37:04 index.ts[info]: passportConfiguration() 
2023-09-01 10:37:05 index.ts[info]: passportConfiguration() 
2023-09-01 10:37:05 index.ts[info]: env validation started 
2023-09-01 10:37:05 index.ts[info]: initializeRoutes() 
2023-09-01 10:37:05 index.ts[info]: SERVER listening on PORT:5000 
2023-09-01 10:46:23 index.ts[info]: passportConfiguration() 
2023-09-01 10:46:23 index.ts[info]: passportConfiguration() 
2023-09-01 10:46:23 index.ts[info]: env validation started 
2023-09-01 10:46:23 index.ts[info]: initializeRoutes() 
2023-09-01 10:46:23 index.ts[info]: SERVER listening on PORT:5000 
2023-09-01 10:46:36 index.ts[info]: authentication.isAuthenticated() 
2023-09-01 10:46:36 index.ts[debug]: TOKEN is missing! 
2023-09-01 10:46:36 index.ts[info]: helper.response_builder.responseBuilder() 
2023-09-01 10:47:17 index.ts[info]: services.auth.signupUser() 
2023-09-01 10:47:17 index.ts[debug]: services.auth.signupUser() Object = {"email":"careerpediaplatform@gmail.com","password":"inkprog"} 
2023-09-01 10:47:17 index.ts[info]: services.auth.signupUser() ==>  
2023-09-01 10:47:17 index.ts[info]: data_stores_mysql_lib_user.checkEmailExist()  ==> 
2023-09-01 10:47:18 index.ts[info]: data_stores_mysql_lib_user.saveUser() 
2023-09-01 10:47:18 index.ts[info]: helper.response_builder.responseBuilder() 
2023-09-01 10:47:56 index.ts[info]: authentication.isAuthenticated() 
2023-09-01 10:47:56 index.ts[debug]: TOKEN is missing! 
2023-09-01 10:47:56 index.ts[info]: helper.response_builder.responseBuilder() 
2023-09-01 10:50:57 index.ts[info]: passportConfiguration() 
2023-09-01 10:50:57 index.ts[info]: passportConfiguration() 
2023-09-01 10:50:57 index.ts[info]: env validation started 
2023-09-01 10:50:57 index.ts[info]: initializeRoutes() 
2023-09-01 10:50:57 index.ts[info]: SERVER listening on PORT:5000 
2023-09-01 10:50:58 index.ts[info]: services.auth.adminLogin() 
2023-09-01 10:50:58 index.ts[debug]: services.auth.adminLogin() Object = {"email":"careerpediaplatform@gmail.com","password":"inkprog"} 
2023-09-01 10:50:58 index.ts[info]: services.auth.loginAdmin() ==>  
2023-09-01 10:50:58 index.ts[info]: data_stores_mysql_lib_user.checkEmailExist()  ==> 
2023-09-01 10:50:58 index.ts[info]: data_stores_mysql_lib_user.saveUser() 
2023-09-01 10:50:58 index.ts[info]: helper.response_builder.responseBuilder() 
2023-09-01 11:16:04 index.ts[info]: passportConfiguration() 
2023-09-01 11:16:04 index.ts[info]: passportConfiguration() 
2023-09-01 11:16:04 index.ts[info]: env validation started 
2023-09-01 11:16:04 index.ts[info]: initializeRoutes() 
2023-09-01 11:16:04 index.ts[info]: SERVER listening on PORT:5000 
2023-09-01 12:21:05 index.ts[info]: passportConfiguration() 
2023-09-01 12:21:05 index.ts[info]: passportConfiguration() 
2023-09-01 12:21:05 index.ts[info]: env validation started 
2023-09-01 12:21:05 index.ts[info]: initializeRoutes() 
2023-09-01 12:21:05 index.ts[info]: SERVER listening on PORT:5000 
2023-09-01 12:21:48 index.ts[info]: passportConfiguration() 
2023-09-01 12:21:48 index.ts[info]: passportConfiguration() 
2023-09-01 12:21:48 index.ts[info]: env validation started 
2023-09-01 12:21:48 index.ts[info]: initializeRoutes() 
2023-09-01 12:21:48 index.ts[info]: SERVER listening on PORT:5000 
2023-09-01 12:22:05 index.ts[info]: passportConfiguration() 
2023-09-01 12:22:05 index.ts[info]: passportConfiguration() 
2023-09-01 12:22:05 index.ts[info]: env validation started 
2023-09-01 12:22:05 index.ts[info]: initializeRoutes() 
2023-09-01 12:22:05 index.ts[info]: SERVER listening on PORT:5000 
2023-09-01 12:22:22 index.ts[info]: services.auth.signupUser() 
2023-09-01 12:22:22 index.ts[debug]: services.auth.signupUser() Object = {"email":"babunaikbanoth27@gmail.com","password":"babuuu"} 
2023-09-01 12:22:22 index.ts[info]: helpers.data_mapping.user.userDataMapping() 
2023-09-01 12:22:22 index.ts[info]: services.auth.signupUser() ==>  
2023-09-01 12:22:22 index.ts[info]: data_stores_mysql_lib_user.checkEmailOrPhoneExist()  ==> 
2023-09-01 12:22:23 index.ts[info]: data_stores_mysql_lib_user.saveUser() 
2023-09-01 12:22:24 index.ts[info]: helper.response_builder.responseBuilder() 
2023-09-01 12:43:59 index.ts[info]: passportConfiguration() 
2023-09-01 12:43:59 index.ts[info]: passportConfiguration() 
2023-09-01 12:43:59 index.ts[info]: env validation started 
2023-09-01 12:44:00 index.ts[info]: initializeRoutes() 
2023-09-01 12:44:00 index.ts[info]: SERVER listening on PORT:5000 
2023-09-01 12:45:04 index.ts[info]: passportConfiguration() 
2023-09-01 12:45:04 index.ts[info]: passportConfiguration() 
2023-09-01 12:45:04 index.ts[info]: env validation started 
2023-09-01 12:45:04 index.ts[info]: initializeRoutes() 
2023-09-01 12:45:04 index.ts[info]: SERVER listening on PORT:5000 
2023-09-01 12:45:45 index.ts[info]: passportConfiguration() 
2023-09-01 12:45:46 index.ts[info]: passportConfiguration() 
2023-09-01 12:45:46 index.ts[info]: env validation started 
2023-09-01 12:45:46 index.ts[info]: initializeRoutes() 
2023-09-01 12:45:46 index.ts[info]: SERVER listening on PORT:5000 
2023-09-01 12:46:07 index.ts[info]: passportConfiguration() 
2023-09-01 12:46:07 index.ts[info]: passportConfiguration() 
2023-09-01 12:46:07 index.ts[info]: env validation started 
2023-09-01 12:46:07 index.ts[info]: initializeRoutes() 
2023-09-01 12:46:07 index.ts[info]: SERVER listening on PORT:5000 
2023-09-01 12:53:49 index.ts[info]: passportConfiguration() 
2023-09-01 12:53:49 index.ts[info]: passportConfiguration() 
2023-09-01 12:53:49 index.ts[info]: env validation started 
2023-09-01 12:53:50 index.ts[info]: initializeRoutes() 
2023-09-01 12:53:50 index.ts[info]: SERVER listening on PORT:5000 
2023-09-01 12:54:25 index.ts[info]: services.auth.signupMentor() 
2023-09-01 12:54:25 index.ts[debug]: services.auth.signupMentor() Object = {"email":"babunaikbanoth27@gmail.com","password":"babuuu"} 
2023-09-01 12:54:25 index.ts[info]: helpers.data_mapping.user.userDataMapping() 
2023-09-01 12:54:25 index.ts[info]: services.auth.signupUser() ==>  
2023-09-01 12:54:25 index.ts[info]: data_stores_mysql_lib_user.checkEmailOrPhoneExist()  ==> 
2023-09-01 12:54:28 index.ts[info]: helper.response_builder.responseBuilder() 
2023-09-01 12:54:44 index.ts[info]: services.auth.loginMentor() 
2023-09-01 12:54:44 index.ts[debug]: services.auth.loginMentor() Object = {"email":"babunaikbanoth27@gmail.com","password":"babuuu"} 
2023-09-01 12:54:44 index.ts[info]: helpers.data_mapping.user.userDataMapping() 
2023-09-01 12:54:44 index.ts[info]: services.auth.loginUser() ==>  
2023-09-01 12:54:44 index.ts[info]: data_stores_mysql_lib_user.checkEmailOrPhoneExist()  ==> 
2023-09-01 12:54:44 index.ts[info]: data_stores_mysql_lib_user.saveUser() 
2023-09-01 12:54:44 index.ts[info]: helper.response_builder.responseBuilder() 
2023-09-01 12:57:13 index.ts[info]: passportConfiguration() 
2023-09-01 12:57:13 index.ts[info]: passportConfiguration() 
2023-09-01 12:57:13 index.ts[info]: env validation started 
2023-09-01 12:57:13 index.ts[info]: initializeRoutes() 
2023-09-01 12:57:13 index.ts[info]: SERVER listening on PORT:5000 
2023-09-01 12:57:33 index.ts[info]: passportConfiguration() 
2023-09-01 12:57:33 index.ts[info]: passportConfiguration() 
2023-09-01 12:57:33 index.ts[info]: env validation started 
2023-09-01 12:57:33 index.ts[info]: initializeRoutes() 
2023-09-01 12:57:33 index.ts[info]: SERVER listening on PORT:5000 
2023-09-01 14:17:23 index.ts[info]: passportConfiguration() 
2023-09-01 14:17:23 index.ts[info]: passportConfiguration() 
2023-09-01 14:17:23 index.ts[info]: env validation started 
2023-09-01 14:17:23 index.ts[info]: initializeRoutes() 
2023-09-01 14:17:23 index.ts[info]: SERVER listening on PORT:5000 
2023-09-01 14:25:06 index.ts[info]: passportConfiguration() 
2023-09-01 14:25:06 index.ts[info]: passportConfiguration() 
2023-09-01 14:25:06 index.ts[info]: env validation started 
2023-09-01 14:25:06 index.ts[info]: initializeRoutes() 
2023-09-01 14:25:06 index.ts[info]: SERVER listening on PORT:5000 
2023-09-01 14:25:27 index.ts[info]: passportConfiguration() 
2023-09-01 14:25:27 index.ts[info]: passportConfiguration() 
2023-09-01 14:25:27 index.ts[info]: env validation started 
2023-09-01 14:25:27 index.ts[info]: initializeRoutes() 
2023-09-01 14:25:27 index.ts[info]: SERVER listening on PORT:5000 
2023-09-01 14:26:14 index.ts[info]: passportConfiguration() 
2023-09-01 14:26:14 index.ts[info]: passportConfiguration() 
2023-09-01 14:26:14 index.ts[info]: env validation started 
2023-09-01 14:26:14 index.ts[info]: initializeRoutes() 
2023-09-01 14:26:14 index.ts[info]: SERVER listening on PORT:5000 
2023-09-01 14:28:12 index.ts[info]: passportConfiguration() 
2023-09-01 14:28:12 index.ts[info]: passportConfiguration() 
2023-09-01 14:28:12 index.ts[info]: env validation started 
2023-09-01 14:28:12 index.ts[info]: initializeRoutes() 
2023-09-01 14:28:12 index.ts[info]: SERVER listening on PORT:5000 
2023-09-01 14:28:43 index.ts[info]: passportConfiguration() 
2023-09-01 14:28:43 index.ts[info]: passportConfiguration() 
2023-09-01 14:28:43 index.ts[info]: env validation started 
2023-09-01 14:28:43 index.ts[info]: initializeRoutes() 
2023-09-01 14:28:43 index.ts[info]: SERVER listening on PORT:5000 
2023-09-01 14:38:18 index.ts[info]: passportConfiguration() 
2023-09-01 14:38:18 index.ts[info]: passportConfiguration() 
2023-09-01 14:38:18 index.ts[info]: env validation started 
2023-09-01 14:38:18 index.ts[info]: initializeRoutes() 
2023-09-01 14:38:18 index.ts[info]: SERVER listening on PORT:5000 
2023-09-01 14:47:31 index.ts[info]: passportConfiguration() 
2023-09-01 14:47:31 index.ts[info]: passportConfiguration() 
2023-09-01 14:47:31 index.ts[info]: env validation started 
2023-09-01 14:47:31 index.ts[info]: initializeRoutes() 
2023-09-01 14:47:31 index.ts[info]: SERVER listening on PORT:5000 
2023-09-01 14:50:34 index.ts[info]: passportConfiguration() 
2023-09-01 14:50:35 index.ts[info]: passportConfiguration() 
2023-09-01 14:50:35 index.ts[info]: env validation started 
2023-09-01 14:50:35 index.ts[info]: initializeRoutes() 
2023-09-01 14:50:35 index.ts[info]: SERVER listening on PORT:5000 
2023-09-01 16:01:48 index.ts[info]: services.auth.adminLogin() 
2023-09-01 16:01:48 index.ts[debug]: services.auth.adminLogin() Object = {"email":"careerpediaplatform@gmail.com","password":"inkprog"} 
2023-09-01 16:01:48 index.ts[info]: services.auth.loginAdmin() ==>  
2023-09-01 16:01:48 index.ts[info]: data_stores_mysql_lib_user.checkEmailExist()  ==> 
2023-09-01 16:01:53 index.ts[info]: data_stores_mysql_lib_user.saveUser() 
2023-09-01 16:01:54 index.ts[info]: helper.response_builder.responseBuilder() 
