2023-09-06 10:07:46 index.ts[info]: passportConfiguration() 
2023-09-06 10:07:46 index.ts[info]: passportConfiguration() 
2023-09-06 10:07:46 index.ts[info]: passportConfiguration() 
2023-09-06 10:07:46 index.ts[info]: passportConfiguration() 
2023-09-06 10:07:46 index.ts[info]: env validation started 
2023-09-06 10:07:46 index.ts[info]: initializeRoutes() 
2023-09-06 10:07:46 index.ts[info]: SERVER listening on PORT:5000 
2023-09-06 10:16:56 index.ts[info]: passportConfiguration() 
2023-09-06 10:16:56 index.ts[info]: passportConfiguration() 
2023-09-06 10:16:56 index.ts[info]: passportConfiguration() 
2023-09-06 10:16:56 index.ts[info]: passportConfiguration() 
2023-09-06 10:16:56 index.ts[info]: env validation started 
2023-09-06 10:16:56 index.ts[info]: initializeRoutes() 
2023-09-06 10:16:56 index.ts[info]: SERVER listening on PORT:5000 
2023-09-06 10:18:45 index.ts[info]: passportConfiguration() 
2023-09-06 10:18:45 index.ts[info]: passportConfiguration() 
2023-09-06 10:18:46 index.ts[info]: passportConfiguration() 
2023-09-06 10:18:46 index.ts[info]: passportConfiguration() 
2023-09-06 10:18:46 index.ts[info]: env validation started 
2023-09-06 10:18:46 index.ts[info]: initializeRoutes() 
2023-09-06 10:18:46 index.ts[info]: SERVER listening on PORT:5000 
2023-09-06 10:18:58 index.ts[info]: passportConfiguration() 
2023-09-06 10:18:58 index.ts[info]: passportConfiguration() 
2023-09-06 10:18:58 index.ts[info]: passportConfiguration() 
2023-09-06 10:18:58 index.ts[info]: passportConfiguration() 
2023-09-06 10:18:58 index.ts[info]: env validation started 
2023-09-06 10:18:58 index.ts[info]: initializeRoutes() 
2023-09-06 10:18:58 index.ts[info]: SERVER listening on PORT:5000 
2023-09-06 10:19:24 index.ts[info]: passportConfiguration() 
2023-09-06 10:19:24 index.ts[info]: passportConfiguration() 
2023-09-06 10:19:24 index.ts[info]: passportConfiguration() 
2023-09-06 10:19:24 index.ts[info]: passportConfiguration() 
2023-09-06 10:19:24 index.ts[info]: env validation started 
2023-09-06 10:19:25 index.ts[info]: initializeRoutes() 
2023-09-06 10:19:25 index.ts[info]: SERVER listening on PORT:5000 
2023-09-06 10:19:40 index.ts[info]: passportConfiguration() 
2023-09-06 10:19:40 index.ts[info]: passportConfiguration() 
2023-09-06 10:19:40 index.ts[info]: passportConfiguration() 
2023-09-06 10:19:40 index.ts[info]: passportConfiguration() 
2023-09-06 10:19:40 index.ts[info]: env validation started 
2023-09-06 10:19:40 index.ts[info]: initializeRoutes() 
2023-09-06 10:19:40 index.ts[info]: SERVER listening on PORT:5000 
2023-09-06 10:35:44 index.ts[info]: passportConfiguration() 
2023-09-06 10:35:44 index.ts[info]: passportConfiguration() 
2023-09-06 10:35:44 index.ts[info]: passportConfiguration() 
2023-09-06 10:35:44 index.ts[info]: passportConfiguration() 
2023-09-06 10:35:44 index.ts[info]: env validation started 
2023-09-06 10:35:44 index.ts[info]: initializeRoutes() 
2023-09-06 10:35:44 index.ts[info]: SERVER listening on PORT:5000 
2023-09-06 10:36:28 index.ts[info]: passportConfiguration() 
2023-09-06 10:36:28 index.ts[info]: passportConfiguration() 
2023-09-06 10:36:28 index.ts[info]: passportConfiguration() 
2023-09-06 10:36:28 index.ts[info]: passportConfiguration() 
2023-09-06 10:36:28 index.ts[info]: env validation started 
2023-09-06 10:36:28 index.ts[info]: initializeRoutes() 
2023-09-06 10:36:28 index.ts[info]: SERVER listening on PORT:5000 
2023-09-06 10:36:42 index.ts[info]: passportConfiguration() 
2023-09-06 10:36:42 index.ts[info]: passportConfiguration() 
2023-09-06 10:36:43 index.ts[info]: passportConfiguration() 
2023-09-06 10:36:43 index.ts[info]: passportConfiguration() 
2023-09-06 10:36:43 index.ts[info]: env validation started 
2023-09-06 10:36:43 index.ts[info]: initializeRoutes() 
2023-09-06 10:36:43 index.ts[info]: SERVER listening on PORT:5000 
2023-09-06 10:38:36 index.ts[info]: passportConfiguration() 
2023-09-06 10:38:36 index.ts[info]: passportConfiguration() 
2023-09-06 10:38:36 index.ts[info]: passportConfiguration() 
2023-09-06 10:38:36 index.ts[info]: passportConfiguration() 
2023-09-06 10:38:36 index.ts[info]: env validation started 
2023-09-06 10:38:36 index.ts[info]: initializeRoutes() 
2023-09-06 10:38:36 index.ts[info]: SERVER listening on PORT:5000 
2023-09-06 10:38:50 index.ts[info]: passportConfiguration() 
2023-09-06 10:38:50 index.ts[info]: passportConfiguration() 
2023-09-06 10:38:51 index.ts[info]: passportConfiguration() 
2023-09-06 10:38:51 index.ts[info]: passportConfiguration() 
2023-09-06 10:38:51 index.ts[info]: env validation started 
2023-09-06 10:38:51 index.ts[info]: initializeRoutes() 
2023-09-06 10:38:51 index.ts[info]: SERVER listening on PORT:5000 
2023-09-06 10:39:49 index.ts[info]: passportConfiguration() 
2023-09-06 10:39:49 index.ts[info]: passportConfiguration() 
2023-09-06 10:39:49 index.ts[info]: passportConfiguration() 
2023-09-06 10:39:49 index.ts[info]: passportConfiguration() 
2023-09-06 10:39:49 index.ts[info]: env validation started 
2023-09-06 10:39:49 index.ts[info]: initializeRoutes() 
2023-09-06 10:39:49 index.ts[info]: SERVER listening on PORT:5000 
2023-09-06 10:40:06 index.ts[info]: passportConfiguration() 
2023-09-06 10:40:06 index.ts[info]: passportConfiguration() 
2023-09-06 10:40:06 index.ts[info]: passportConfiguration() 
2023-09-06 10:40:06 index.ts[info]: passportConfiguration() 
2023-09-06 10:40:06 index.ts[info]: env validation started 
2023-09-06 10:40:06 index.ts[info]: initializeRoutes() 
2023-09-06 10:40:06 index.ts[info]: SERVER listening on PORT:5000 
2023-09-06 10:40:17 index.ts[info]: passportConfiguration() 
2023-09-06 10:40:17 index.ts[info]: passportConfiguration() 
2023-09-06 10:40:17 index.ts[info]: passportConfiguration() 
2023-09-06 10:40:17 index.ts[info]: passportConfiguration() 
2023-09-06 10:40:17 index.ts[info]: env validation started 
2023-09-06 10:40:17 index.ts[info]: initializeRoutes() 
2023-09-06 10:40:17 index.ts[info]: SERVER listening on PORT:5000 
2023-09-06 10:40:31 index.ts[info]: passportConfiguration() 
2023-09-06 10:40:32 index.ts[info]: passportConfiguration() 
2023-09-06 10:40:32 index.ts[info]: passportConfiguration() 
2023-09-06 10:40:32 index.ts[info]: passportConfiguration() 
2023-09-06 10:40:32 index.ts[info]: env validation started 
2023-09-06 10:40:32 index.ts[info]: initializeRoutes() 
2023-09-06 10:40:32 index.ts[info]: SERVER listening on PORT:5000 
2023-09-06 10:44:05 index.ts[info]: passportConfiguration() 
2023-09-06 10:44:06 index.ts[info]: passportConfiguration() 
2023-09-06 10:44:06 index.ts[info]: passportConfiguration() 
2023-09-06 10:44:06 index.ts[info]: passportConfiguration() 
2023-09-06 10:44:06 index.ts[info]: env validation started 
2023-09-06 10:44:06 index.ts[info]: initializeRoutes() 
2023-09-06 10:44:06 index.ts[info]: SERVER listening on PORT:5000 
2023-09-06 10:44:55 index.ts[info]: services.auth.changePasswordController() 
2023-09-06 10:44:55 index.ts[debug]: services.auth.changePasswordController() Object = {"email":"mentor1@gmail.com","newPassword":"babu","oldPassword":"babunaik"} 
2023-09-06 10:44:55 index.ts[info]: data_stores_mysql_lib_user.checkEmailExist()  ==> 
2023-09-06 10:44:57 index.ts[info]: helper.response_builder.responseBuilder() 
2023-09-06 10:45:24 index.ts[info]: services.auth.signupMentor() 
2023-09-06 10:45:24 index.ts[debug]: services.auth.signupMentor() Object = {"email":"mentor2@gmail.com","password":"babu"} 
2023-09-06 10:45:24 index.ts[info]: helpers.data_mapping.mentor.mentorDataMapping() 
2023-09-06 10:45:24 index.ts[info]: services.auth.signupUser() ==>  
2023-09-06 10:45:24 index.ts[info]: data_stores_mysql_lib_user.checkEmailExist()  ==> 
2023-09-06 10:45:24 index.ts[info]: data_stores_mysql_lib_user.saveUser() 
2023-09-06 10:45:24 index.ts[info]: helper.response_builder.responseBuilder() 
2023-09-06 10:45:48 index.ts[info]: services.auth.changePasswordController() 
2023-09-06 10:45:48 index.ts[debug]: services.auth.changePasswordController() Object = {"email":"mentor1@gmail.com","newPassword":"babuNAIK","oldPassword":"babu"} 
2023-09-06 10:45:48 index.ts[info]: data_stores_mysql_lib_user.checkEmailExist()  ==> 
2023-09-06 10:45:48 index.ts[info]: helper.response_builder.responseBuilder() 
2023-09-06 10:46:24 index.ts[info]: passportConfiguration() 
2023-09-06 10:46:24 index.ts[info]: passportConfiguration() 
2023-09-06 10:46:24 index.ts[info]: passportConfiguration() 
2023-09-06 10:46:24 index.ts[info]: passportConfiguration() 
2023-09-06 10:46:24 index.ts[info]: env validation started 
2023-09-06 10:46:24 index.ts[info]: initializeRoutes() 
2023-09-06 10:46:24 index.ts[info]: SERVER listening on PORT:5000 
2023-09-06 10:46:26 index.ts[info]: services.auth.changePasswordController() 
2023-09-06 10:46:26 index.ts[debug]: services.auth.changePasswordController() Object = {"email":"mentor1@gmail.com","newPassword":"babuNAIK","oldPassword":"babu"} 
2023-09-06 10:46:27 index.ts[info]: data_stores_mysql_lib_user.checkEmailExist()  ==> 
2023-09-06 10:46:27 index.ts[info]: helper.response_builder.responseBuilder() 
2023-09-06 10:46:53 index.ts[info]: services.auth.changePasswordController() 
2023-09-06 10:46:53 index.ts[debug]: services.auth.changePasswordController() Object = {"email":"mentor2@gmail.com","newPassword":"babuNAIK","oldPassword":"babu"} 
2023-09-06 10:46:53 index.ts[info]: data_stores_mysql_lib_user.checkEmailExist()  ==> 
2023-09-06 10:46:53 index.ts[info]: helper.response_builder.responseBuilder() 
2023-09-06 10:47:33 index.ts[info]: passportConfiguration() 
2023-09-06 10:47:33 index.ts[info]: passportConfiguration() 
2023-09-06 10:47:33 index.ts[info]: passportConfiguration() 
2023-09-06 10:47:33 index.ts[info]: passportConfiguration() 
2023-09-06 10:47:33 index.ts[info]: env validation started 
2023-09-06 10:47:33 index.ts[info]: initializeRoutes() 
2023-09-06 10:47:33 index.ts[info]: SERVER listening on PORT:5000 
2023-09-06 10:47:56 index.ts[info]: services.auth.signupMentor() 
2023-09-06 10:47:56 index.ts[debug]: services.auth.signupMentor() Object = {"email":"mentor3@gmail.com","password":"babu"} 
2023-09-06 10:47:56 index.ts[info]: helpers.data_mapping.mentor.mentorDataMapping() 
2023-09-06 10:47:56 index.ts[info]: services.auth.signupUser() ==>  
2023-09-06 10:47:56 index.ts[info]: data_stores_mysql_lib_user.checkEmailExist()  ==> 
2023-09-06 10:47:57 index.ts[info]: data_stores_mysql_lib_user.saveUser() 
2023-09-06 10:47:57 index.ts[info]: helper.response_builder.responseBuilder() 
2023-09-06 10:48:10 index.ts[info]: services.auth.changePasswordController() 
2023-09-06 10:48:10 index.ts[debug]: services.auth.changePasswordController() Object = {"email":"mentor3@gmail.com","newPassword":"babuNAIK","oldPassword":"babu"} 
2023-09-06 10:48:10 index.ts[info]: data_stores_mysql_lib_user.checkEmailExist()  ==> 
2023-09-06 10:48:10 index.ts[info]: helper.response_builder.responseBuilder() 
2023-09-06 10:50:19 index.ts[info]: passportConfiguration() 
2023-09-06 10:50:19 index.ts[info]: passportConfiguration() 
2023-09-06 10:50:19 index.ts[info]: passportConfiguration() 
2023-09-06 10:50:19 index.ts[info]: passportConfiguration() 
2023-09-06 10:50:19 index.ts[info]: env validation started 
2023-09-06 10:50:20 index.ts[info]: initializeRoutes() 
2023-09-06 10:50:20 index.ts[info]: SERVER listening on PORT:5000 
2023-09-06 10:51:33 index.ts[info]: services.auth.signupCollege() 
2023-09-06 10:51:33 index.ts[debug]: services.auth.signupCollege() Object = {"email":"babunaikbanoth@gmail.com","password":"babu"} 
2023-09-06 10:51:33 index.ts[info]: helpers.data_mapping.college.collegeDataMapping() 
2023-09-06 10:51:33 index.ts[info]: services.auth.signupUser() ==>  
2023-09-06 10:51:33 index.ts[info]: data_stores_mysql_lib_user.checkEmailExist()  ==> 
2023-09-06 10:51:34 index.ts[info]: data_stores_mysql_lib_user.saveUser() 
2023-09-06 10:51:34 index.ts[info]: helper.response_builder.responseBuilder() 
2023-09-06 10:53:20 index.ts[info]: services.auth.changePasswordController() 
2023-09-06 10:53:20 index.ts[debug]: services.auth.changePasswordController() Object = {"email":"babunaikbanoth@gmail.com","newPassword":"babuNAIK","oldPassword":"babu"} 
2023-09-06 10:53:20 index.ts[info]: data_stores_mysql_lib_user.checkEmailExist()  ==> 
2023-09-06 10:53:20 index.ts[info]: helper.response_builder.responseBuilder() 
2023-09-06 10:54:43 index.ts[info]: passportConfiguration() 
2023-09-06 10:54:43 index.ts[info]: passportConfiguration() 
2023-09-06 10:54:44 index.ts[info]: passportConfiguration() 
2023-09-06 10:54:44 index.ts[info]: passportConfiguration() 
2023-09-06 10:54:44 index.ts[info]: env validation started 
2023-09-06 10:54:44 index.ts[info]: initializeRoutes() 
2023-09-06 10:54:46 index.ts[info]: SERVER listening on PORT:5000 
2023-09-06 10:54:59 index.ts[info]: services.auth.signupCollege() 
2023-09-06 10:54:59 index.ts[debug]: services.auth.signupCollege() Object = {"email":"babunaikbanoth1@gmail.com","password":"babu"} 
2023-09-06 10:54:59 index.ts[info]: helpers.data_mapping.college.collegeDataMapping() 
2023-09-06 10:54:59 index.ts[info]: services.auth.signupUser() ==>  
2023-09-06 10:54:59 index.ts[info]: data_stores_mysql_lib_user.checkEmailExist()  ==> 
2023-09-06 10:54:59 index.ts[info]: data_stores_mysql_lib_user.saveUser() 
2023-09-06 10:54:59 index.ts[info]: helper.response_builder.responseBuilder() 
2023-09-06 10:56:27 index.ts[info]: services.auth.changePasswordController() 
2023-09-06 10:56:27 index.ts[debug]: services.auth.changePasswordController() Object = {"email":"babunaikbanoth1@gmail.com","newPassword":"babuNAIK","oldPassword":"babu"} 
2023-09-06 10:56:27 index.ts[info]: data_stores_mysql_lib_user.checkEmailExist()  ==> 
2023-09-06 10:56:27 index.ts[info]: helper.response_builder.responseBuilder() 
2023-09-06 10:57:01 index.ts[info]: services.auth.changePasswordController() 
2023-09-06 10:57:01 index.ts[debug]: services.auth.changePasswordController() Object = {"email":"babunaikbanoth1@gmail.com","newPassword":"babu","oldPassword":"babuNAIK"} 
2023-09-06 10:57:01 index.ts[info]: data_stores_mysql_lib_user.checkEmailExist()  ==> 
2023-09-06 10:57:01 index.ts[info]: helper.response_builder.responseBuilder() 
2023-09-06 11:16:26 index.ts[info]: passportConfiguration() 
2023-09-06 11:16:26 index.ts[info]: passportConfiguration() 
2023-09-06 11:16:26 index.ts[info]: passportConfiguration() 
2023-09-06 11:16:26 index.ts[info]: passportConfiguration() 
2023-09-06 11:16:26 index.ts[info]: env validation started 
2023-09-06 11:16:26 index.ts[info]: initializeRoutes() 
2023-09-06 11:16:26 index.ts[info]: SERVER listening on PORT:5000 
2023-09-06 11:16:58 index.ts[info]: services.auth.changePasswordController() 
2023-09-06 11:16:58 index.ts[debug]: services.auth.changePasswordController() Object = {"email":"babunaikbanoth1@gmail.com","newPassword":"babunaik","oldPassword":"babu"} 
2023-09-06 11:16:58 index.ts[info]: data_stores_mysql_lib_user.checkEmailExist()  ==> 
2023-09-06 11:17:00 index.ts[info]: helper.response_builder.responseBuilder() 
2023-09-06 11:18:33 index.ts[info]: passportConfiguration() 
2023-09-06 11:18:33 index.ts[info]: passportConfiguration() 
2023-09-06 11:18:34 index.ts[info]: passportConfiguration() 
2023-09-06 11:18:34 index.ts[info]: passportConfiguration() 
2023-09-06 11:18:34 index.ts[info]: env validation started 
2023-09-06 11:18:34 index.ts[info]: initializeRoutes() 
2023-09-06 11:18:34 index.ts[info]: SERVER listening on PORT:5000 
2023-09-06 11:19:30 index.ts[info]: passportConfiguration() 
2023-09-06 11:19:30 index.ts[info]: passportConfiguration() 
2023-09-06 11:19:30 index.ts[info]: passportConfiguration() 
2023-09-06 11:19:30 index.ts[info]: passportConfiguration() 
2023-09-06 11:19:31 index.ts[info]: env validation started 
2023-09-06 11:19:31 index.ts[info]: initializeRoutes() 
2023-09-06 11:19:31 index.ts[info]: SERVER listening on PORT:5000 
2023-09-06 11:19:54 index.ts[info]: passportConfiguration() 
2023-09-06 11:19:55 index.ts[info]: passportConfiguration() 
2023-09-06 11:19:55 index.ts[info]: passportConfiguration() 
2023-09-06 11:19:55 index.ts[info]: passportConfiguration() 
2023-09-06 11:19:55 index.ts[info]: env validation started 
2023-09-06 11:19:55 index.ts[info]: initializeRoutes() 
2023-09-06 11:19:55 index.ts[info]: SERVER listening on PORT:5000 
2023-09-06 11:20:35 index.ts[info]: passportConfiguration() 
2023-09-06 11:20:35 index.ts[info]: passportConfiguration() 
2023-09-06 11:20:35 index.ts[info]: passportConfiguration() 
2023-09-06 11:20:35 index.ts[info]: passportConfiguration() 
2023-09-06 11:20:35 index.ts[info]: env validation started 
2023-09-06 11:20:35 index.ts[info]: initializeRoutes() 
2023-09-06 11:20:35 index.ts[info]: SERVER listening on PORT:5000 
2023-09-06 11:21:00 index.ts[info]: passportConfiguration() 
2023-09-06 11:21:00 index.ts[info]: passportConfiguration() 
2023-09-06 11:21:00 index.ts[info]: passportConfiguration() 
2023-09-06 11:21:00 index.ts[info]: passportConfiguration() 
2023-09-06 11:21:00 index.ts[info]: env validation started 
2023-09-06 11:21:00 index.ts[info]: initializeRoutes() 
2023-09-06 11:21:00 index.ts[info]: SERVER listening on PORT:5000 
2023-09-06 11:22:35 index.ts[info]: passportConfiguration() 
2023-09-06 11:22:35 index.ts[info]: passportConfiguration() 
2023-09-06 11:22:35 index.ts[info]: passportConfiguration() 
2023-09-06 11:22:35 index.ts[info]: passportConfiguration() 
2023-09-06 11:22:35 index.ts[info]: env validation started 
2023-09-06 11:22:35 index.ts[info]: initializeRoutes() 
2023-09-06 11:22:35 index.ts[info]: SERVER listening on PORT:5000 
2023-09-06 11:22:44 index.ts[info]: services.auth.signupMentor() 
2023-09-06 11:22:44 index.ts[debug]: services.auth.signupMentor() Object = {"email":"mentor@gmail.com","password":"babu"} 
2023-09-06 11:22:44 index.ts[info]: helpers.data_mapping.mentor.mentorDataMapping() 
2023-09-06 11:22:44 index.ts[info]: services.auth.signupUser() ==>  
2023-09-06 11:22:44 index.ts[info]: data_stores_mysql_lib_user.checkEmailExist()  ==> 
2023-09-06 11:22:45 index.ts[info]: data_stores_mysql_lib_user.saveUser() 
2023-09-06 11:22:45 index.ts[info]: helper.response_builder.responseBuilder() 
2023-09-06 11:23:54 index.ts[info]: services.auth.changePasswordController() 
2023-09-06 11:23:54 index.ts[debug]: services.auth.changePasswordController() Object = {"email":"mentor@gmail.com","newPassword":"babuNAIK","oldPassword":"babu"} 
2023-09-06 11:23:54 index.ts[info]: data_stores_mysql_lib_user.checkEmailExist()  ==> 
2023-09-06 11:23:54 index.ts[info]: helper.response_builder.responseBuilder() 
2023-09-06 11:24:10 index.ts[info]: services.auth.changePasswordController() 
2023-09-06 11:24:10 index.ts[debug]: services.auth.changePasswordController() Object = {"email":"mentor@gmail.com","newPassword":"babu","oldPassword":"babudd"} 
2023-09-06 11:24:10 index.ts[info]: data_stores_mysql_lib_user.checkEmailExist()  ==> 
2023-09-06 11:24:10 index.ts[info]: helper.response_builder.responseBuilder() 
2023-09-06 11:24:21 index.ts[info]: services.auth.changePasswordController() 
2023-09-06 11:24:21 index.ts[debug]: services.auth.changePasswordController() Object = {"email":"mentor@gmail.com","newPassword":"babudd","oldPassword":"babu"} 
2023-09-06 11:24:21 index.ts[info]: data_stores_mysql_lib_user.checkEmailExist()  ==> 
2023-09-06 11:24:21 index.ts[info]: helper.response_builder.responseBuilder() 
2023-09-06 11:24:50 index.ts[info]: services.auth.loginMentor() 
2023-09-06 11:24:50 index.ts[debug]: services.auth.loginMentor() Object = {"email":"mentor1@gmail.com","password":"babu"} 
2023-09-06 11:24:50 index.ts[info]: helpers.data_mapping.mentor.mentorDataMapping() 
2023-09-06 11:24:50 index.ts[info]: services.auth.loginUser() ==>  
2023-09-06 11:24:50 index.ts[info]: data_stores_mysql_lib_user.checkEmailExist()  ==> 
2023-09-06 11:24:50 index.ts[error]: ERROR occurred in services.auth.loginUser Cannot read properties of undefined (reading 'oldPassword') TypeError: Cannot read properties of undefined (reading 'oldPassword')
    at Object.<anonymous> (D:\myProject\Careeroedia-Backend\Backend\src\services\mentor_auth.ts:52:41)
    at Generator.next (<anonymous>)
    at fulfilled (D:\myProject\Careeroedia-Backend\Backend\src\services\mentor_auth.ts:5:58)
    at processTicksAndRejections (node:internal/process/task_queues:96:5)
2023-09-06 11:24:50 index.ts[info]: helper.response_builder.responseBuilder() 
2023-09-06 11:25:03 index.ts[info]: passportConfiguration() 
2023-09-06 11:25:04 index.ts[info]: passportConfiguration() 
2023-09-06 11:25:04 index.ts[info]: passportConfiguration() 
2023-09-06 11:25:04 index.ts[info]: passportConfiguration() 
2023-09-06 11:25:04 index.ts[info]: env validation started 
2023-09-06 11:25:04 index.ts[info]: initializeRoutes() 
2023-09-06 11:25:04 index.ts[info]: SERVER listening on PORT:5000 
2023-09-06 11:25:06 index.ts[info]: services.auth.loginMentor() 
2023-09-06 11:25:06 index.ts[debug]: services.auth.loginMentor() Object = {"email":"mentor1@gmail.com","password":"babu"} 
2023-09-06 11:25:06 index.ts[info]: helpers.data_mapping.mentor.mentorDataMapping() 
2023-09-06 11:25:06 index.ts[info]: services.auth.loginUser() ==>  
2023-09-06 11:25:06 index.ts[info]: data_stores_mysql_lib_user.checkEmailExist()  ==> 
2023-09-06 11:25:06 index.ts[error]: ERROR occurred in services.auth.loginUser Cannot read properties of undefined (reading 'oldPassword') TypeError: Cannot read properties of undefined (reading 'oldPassword')
    at Object.<anonymous> (D:\myProject\Careeroedia-Backend\Backend\src\services\mentor_auth.ts:52:41)
    at Generator.next (<anonymous>)
    at fulfilled (D:\myProject\Careeroedia-Backend\Backend\src\services\mentor_auth.ts:5:58)
    at processTicksAndRejections (node:internal/process/task_queues:96:5)
2023-09-06 11:25:06 index.ts[info]: helper.response_builder.responseBuilder() 
2023-09-06 11:25:26 index.ts[info]: services.auth.signupMentor() 
2023-09-06 11:25:26 index.ts[debug]: services.auth.signupMentor() Object = {"email":"mentor1@gmail.com","password":"babu"} 
2023-09-06 11:25:26 index.ts[info]: helpers.data_mapping.mentor.mentorDataMapping() 
2023-09-06 11:25:26 index.ts[info]: services.auth.signupUser() ==>  
2023-09-06 11:25:26 index.ts[info]: data_stores_mysql_lib_user.checkEmailExist()  ==> 
2023-09-06 11:25:26 index.ts[info]: data_stores_mysql_lib_user.saveUser() 
2023-09-06 11:25:26 index.ts[info]: helper.response_builder.responseBuilder() 
2023-09-06 11:25:48 index.ts[info]: services.auth.changePasswordController() 
2023-09-06 11:25:48 index.ts[debug]: services.auth.changePasswordController() Object = {"email":"mentor1@gmail.com","newPassword":"babudd","oldPassword":"babu"} 
2023-09-06 11:25:48 index.ts[info]: data_stores_mysql_lib_user.checkEmailExist()  ==> 
2023-09-06 11:25:48 index.ts[info]: helper.response_builder.responseBuilder() 
2023-09-06 11:26:08 index.ts[info]: services.auth.changePasswordController() 
2023-09-06 11:26:08 index.ts[debug]: services.auth.changePasswordController() Object = {"email":"mentor1@gmail.com","newPassword":"babunaik","oldPassword":"babudd"} 
2023-09-06 11:26:08 index.ts[info]: data_stores_mysql_lib_user.checkEmailExist()  ==> 
2023-09-06 11:26:08 index.ts[info]: helper.response_builder.responseBuilder() 
2023-09-06 11:26:31 index.ts[info]: services.auth.loginMentor() 
2023-09-06 11:26:31 index.ts[debug]: services.auth.loginMentor() Object = {"email":"mentor1@gmail.com","password":"babudd"} 
2023-09-06 11:26:31 index.ts[info]: helpers.data_mapping.mentor.mentorDataMapping() 
2023-09-06 11:26:31 index.ts[info]: services.auth.loginUser() ==>  
2023-09-06 11:26:31 index.ts[info]: data_stores_mysql_lib_user.checkEmailExist()  ==> 
2023-09-06 11:26:31 index.ts[info]: helper.response_builder.responseBuilder() 
2023-09-06 11:26:49 index.ts[info]: services.auth.loginMentor() 
2023-09-06 11:26:49 index.ts[debug]: services.auth.loginMentor() Object = {"email":"mentor1@gmail.com","password":"babunaik"} 
2023-09-06 11:26:49 index.ts[info]: helpers.data_mapping.mentor.mentorDataMapping() 
2023-09-06 11:26:49 index.ts[info]: services.auth.loginUser() ==>  
2023-09-06 11:26:49 index.ts[info]: data_stores_mysql_lib_user.checkEmailExist()  ==> 
2023-09-06 11:26:49 index.ts[info]: data_stores_mysql_lib_user.saveUser() 
2023-09-06 11:26:49 index.ts[info]: helper.response_builder.responseBuilder() 
2023-09-06 11:29:20 index.ts[info]: passportConfiguration() 
2023-09-06 11:29:21 index.ts[info]: passportConfiguration() 
2023-09-06 11:29:21 index.ts[info]: passportConfiguration() 
2023-09-06 11:29:21 index.ts[info]: passportConfiguration() 
2023-09-06 11:29:21 index.ts[info]: env validation started 
2023-09-06 11:29:21 index.ts[info]: initializeRoutes() 
2023-09-06 11:29:21 index.ts[info]: SERVER listening on PORT:5000 
2023-09-06 11:31:02 index.ts[info]: passportConfiguration() 
2023-09-06 11:31:02 index.ts[info]: passportConfiguration() 
2023-09-06 11:31:02 index.ts[info]: passportConfiguration() 
2023-09-06 11:31:03 index.ts[info]: passportConfiguration() 
2023-09-06 11:31:03 index.ts[info]: env validation started 
2023-09-06 11:31:03 index.ts[info]: initializeRoutes() 
2023-09-06 11:31:03 index.ts[info]: SERVER listening on PORT:5000 
2023-09-06 11:31:10 index.ts[info]: passportConfiguration() 
2023-09-06 11:31:10 index.ts[info]: passportConfiguration() 
2023-09-06 11:31:10 index.ts[info]: passportConfiguration() 
2023-09-06 11:31:11 index.ts[info]: passportConfiguration() 
2023-09-06 11:31:11 index.ts[info]: env validation started 
2023-09-06 11:31:11 index.ts[info]: initializeRoutes() 
2023-09-06 11:31:11 index.ts[info]: SERVER listening on PORT:5000 
