2023-09-07 15:29:52 index.ts[info]: passportConfiguration() 
2023-09-07 15:29:52 index.ts[info]: passportConfiguration() 
2023-09-07 15:29:52 index.ts[info]: passportConfiguration() 
2023-09-07 15:29:52 index.ts[info]: passportConfiguration() 
2023-09-07 15:29:53 index.ts[info]: passportConfiguration() 
2023-09-07 15:29:53 index.ts[info]: env validation started 
2023-09-07 15:29:53 index.ts[info]: initializeRoutes() 
2023-09-07 15:29:53 index.ts[info]: SERVER listening on PORT:5000 
2023-09-07 15:46:52 index.ts[info]: passportConfiguration() 
2023-09-07 15:46:52 index.ts[info]: passportConfiguration() 
2023-09-07 15:46:52 index.ts[info]: passportConfiguration() 
2023-09-07 15:46:52 index.ts[info]: passportConfiguration() 
2023-09-07 15:46:52 index.ts[info]: passportConfiguration() 
2023-09-07 15:46:52 index.ts[info]: env validation started 
2023-09-07 15:46:52 index.ts[info]: initializeRoutes() 
2023-09-07 15:46:52 index.ts[info]: SERVER listening on PORT:5000 
2023-09-07 16:03:45 index.ts[info]: passportConfiguration() 
2023-09-07 16:03:45 index.ts[info]: passportConfiguration() 
2023-09-07 16:03:45 index.ts[info]: passportConfiguration() 
2023-09-07 16:03:45 index.ts[info]: passportConfiguration() 
2023-09-07 16:03:45 index.ts[info]: passportConfiguration() 
2023-09-07 16:03:45 index.ts[info]: env validation started 
2023-09-07 16:03:45 index.ts[info]: initializeRoutes() 
2023-09-07 16:03:45 index.ts[info]: SERVER listening on PORT:5000 
2023-09-07 16:04:26 index.ts[info]: authentication.isAuthenticated() 
2023-09-07 16:04:26 index.ts[debug]: TOKEN is missing! 
2023-09-07 16:04:26 index.ts[info]: helper.response_builder.responseBuilder() 
2023-09-07 16:05:57 index.ts[info]: passportConfiguration() 
2023-09-07 16:05:57 index.ts[info]: passportConfiguration() 
2023-09-07 16:05:57 index.ts[info]: passportConfiguration() 
2023-09-07 16:05:57 index.ts[info]: passportConfiguration() 
2023-09-07 16:05:58 index.ts[info]: passportConfiguration() 
2023-09-07 16:05:58 index.ts[info]: env validation started 
2023-09-07 16:05:58 index.ts[info]: initializeRoutes() 
2023-09-07 16:05:58 index.ts[info]: SERVER listening on PORT:5000 
2023-09-07 16:05:58 index.ts[info]: authentication.isAuthenticated() 
2023-09-07 16:05:58 index.ts[debug]: TOKEN is missing! 
2023-09-07 16:05:58 index.ts[info]: helper.response_builder.responseBuilder() 
